\BOOKMARK [0][-]{chapter.1}{Introdu\347\343o}{}% 1
\BOOKMARK [1][-]{section.1.1}{M\351todo cient\355fico}{chapter.1}% 2
\BOOKMARK [1][-]{section.1.2}{Mensagem introdut\363ria}{chapter.1}% 3
\BOOKMARK [0][-]{chapter.2}{Seguindo o exemplo}{}% 4
\BOOKMARK [1][-]{section.2.1}{S\355mbolos e abreviaturas}{chapter.2}% 5
\BOOKMARK [1][-]{section.2.2}{Incluindo arquivos}{chapter.2}% 6
\BOOKMARK [1][-]{section.2.3}{Recomenda\347\365es de reda\347\343o}{chapter.2}% 7
\BOOKMARK [0][-]{chapter.3}{Cita\347\365es e refer\352ncias}{}% 8
\BOOKMARK [1][-]{section.3.1}{Referenciando}{chapter.3}% 9
\BOOKMARK [1][-]{section.3.2}{BibTeX}{chapter.3}% 10
\BOOKMARK [1][-]{section.3.3}{Refer\352ncias}{chapter.3}% 11
\BOOKMARK [0][-]{chapter.4}{Figuras e tabelas}{}% 12
\BOOKMARK [1][-]{section.4.1}{Formato EPS}{chapter.4}% 13
\BOOKMARK [1][-]{section.4.2}{Formato PNG}{chapter.4}% 14
\BOOKMARK [1][-]{section.4.3}{Tabelas}{chapter.4}% 15
\BOOKMARK [0][-]{chapter.5}{Pictures}{}% 16
\BOOKMARK [1][-]{section.5.1}{LaTeXand TeX}{chapter.5}% 17
\BOOKMARK [1][-]{section.5.2}{TikZ}{chapter.5}% 18
\BOOKMARK [0][-]{chapter.6}{Conclus\343o}{}% 19
\BOOKMARK [0][-]{appendix.A}{Informa\347\365es adicionais}{}% 20
\BOOKMARK [0][-]{appendix.B}{Refer\352ncias bibliogr\341ficas}{}% 21
